[0.820s] DEBUG:colcon:Command line arguments: ['/home/nayan/.local/bin/colcon', 'build', '--symlink-install']
[0.820s] DEBUG:colcon:Parsed command line arguments: Namespace(log_base=None, log_level=None, verb_name='build', build_base='build', install_base='install', merge_install=False, symlink_install=True, test_result_base=None, continue_on_error=False, executor='parallel', parallel_workers=8, event_handlers=None, ignore_user_meta=False, metas=['./colcon.meta'], base_paths=['.'], packages_ignore=None, packages_ignore_regex=None, paths=None, packages_up_to=None, packages_up_to_regex=None, packages_above=None, packages_above_and_dependencies=None, packages_above_depth=None, packages_select_by_dep=None, packages_skip_by_dep=None, packages_skip_up_to=None, packages_select_build_failed=False, packages_skip_build_finished=False, packages_select_test_failures=False, packages_skip_test_passed=False, packages_select=None, packages_skip=None, packages_select_regex=None, packages_skip_regex=None, packages_start=None, packages_end=None, allow_overriding=[], cmake_args=None, cmake_target=None, cmake_target_skip_unavailable=False, cmake_clean_cache=False, cmake_clean_first=False, cmake_force_configure=False, ament_cmake_args=None, catkin_cmake_args=None, catkin_skip_building_tests=False, verb_parser=<colcon_defaults.argument_parser.defaults.DefaultArgumentsDecorator object at 0x7f633ba73610>, verb_extension=<colcon_core.verb.build.BuildVerb object at 0x7f633ba730a0>, main=<bound method BuildVerb.main of <colcon_core.verb.build.BuildVerb object at 0x7f633ba730a0>>)
[0.858s] Level 1:colcon.colcon_core.package_discovery:discover_packages(colcon_meta) check parameters
[0.858s] Level 1:colcon.colcon_core.package_discovery:discover_packages(recursive) check parameters
[0.858s] Level 1:colcon.colcon_core.package_discovery:discover_packages(ignore) check parameters
[0.859s] Level 1:colcon.colcon_core.package_discovery:discover_packages(path) check parameters
[0.859s] Level 1:colcon.colcon_core.package_discovery:discover_packages(colcon_meta) discover
[0.859s] Level 1:colcon.colcon_core.package_discovery:discover_packages(recursive) discover
[0.859s] INFO:colcon.colcon_core.package_discovery:Crawling recursively for packages in '/home/nayan/nasa_ws'
[0.859s] Level 1:colcon.colcon_core.package_identification:_identify(.) by extensions ['ignore', 'ignore_ament_install']
[0.859s] Level 1:colcon.colcon_core.package_identification:_identify(.) by extension 'ignore'
[0.859s] Level 1:colcon.colcon_core.package_identification:_identify(.) by extension 'ignore_ament_install'
[0.859s] Level 1:colcon.colcon_core.package_identification:_identify(.) by extensions ['colcon_pkg']
[0.859s] Level 1:colcon.colcon_core.package_identification:_identify(.) by extension 'colcon_pkg'
[0.859s] Level 1:colcon.colcon_core.package_identification:_identify(.) by extensions ['colcon_meta']
[0.859s] Level 1:colcon.colcon_core.package_identification:_identify(.) by extension 'colcon_meta'
[0.859s] Level 1:colcon.colcon_core.package_identification:_identify(.) by extensions ['ros']
[0.859s] Level 1:colcon.colcon_core.package_identification:_identify(.) by extension 'ros'
[0.873s] Level 1:colcon.colcon_core.package_identification:_identify(.) by extensions ['cmake', 'python']
[0.873s] Level 1:colcon.colcon_core.package_identification:_identify(.) by extension 'cmake'
[0.873s] Level 1:colcon.colcon_core.package_identification:_identify(.) by extension 'python'
[0.873s] Level 1:colcon.colcon_core.package_identification:_identify(.) by extensions ['python_setup_py']
[0.874s] Level 1:colcon.colcon_core.package_identification:_identify(.) by extension 'python_setup_py'
[0.874s] Level 1:colcon.colcon_core.package_identification:_identify(build) by extensions ['ignore', 'ignore_ament_install']
[0.874s] Level 1:colcon.colcon_core.package_identification:_identify(build) by extension 'ignore'
[0.874s] Level 1:colcon.colcon_core.package_identification:_identify(build) ignored
[0.874s] Level 1:colcon.colcon_core.package_identification:_identify(install) by extensions ['ignore', 'ignore_ament_install']
[0.874s] Level 1:colcon.colcon_core.package_identification:_identify(install) by extension 'ignore'
[0.874s] Level 1:colcon.colcon_core.package_identification:_identify(install) ignored
[0.874s] Level 1:colcon.colcon_core.package_identification:_identify(log) by extensions ['ignore', 'ignore_ament_install']
[0.874s] Level 1:colcon.colcon_core.package_identification:_identify(log) by extension 'ignore'
[0.875s] Level 1:colcon.colcon_core.package_identification:_identify(log) ignored
[0.875s] Level 1:colcon.colcon_core.package_identification:_identify(src) by extensions ['ignore', 'ignore_ament_install']
[0.875s] Level 1:colcon.colcon_core.package_identification:_identify(src) by extension 'ignore'
[0.875s] Level 1:colcon.colcon_core.package_identification:_identify(src) by extension 'ignore_ament_install'
[0.875s] Level 1:colcon.colcon_core.package_identification:_identify(src) by extensions ['colcon_pkg']
[0.875s] Level 1:colcon.colcon_core.package_identification:_identify(src) by extension 'colcon_pkg'
[0.875s] Level 1:colcon.colcon_core.package_identification:_identify(src) by extensions ['colcon_meta']
[0.875s] Level 1:colcon.colcon_core.package_identification:_identify(src) by extension 'colcon_meta'
[0.875s] Level 1:colcon.colcon_core.package_identification:_identify(src) by extensions ['ros']
[0.875s] Level 1:colcon.colcon_core.package_identification:_identify(src) by extension 'ros'
[0.875s] Level 1:colcon.colcon_core.package_identification:_identify(src) by extensions ['cmake', 'python']
[0.875s] Level 1:colcon.colcon_core.package_identification:_identify(src) by extension 'cmake'
[0.875s] Level 1:colcon.colcon_core.package_identification:_identify(src) by extension 'python'
[0.875s] Level 1:colcon.colcon_core.package_identification:_identify(src) by extensions ['python_setup_py']
[0.875s] Level 1:colcon.colcon_core.package_identification:_identify(src) by extension 'python_setup_py'
[0.876s] Level 1:colcon.colcon_core.package_identification:_identify(src/my_bot) by extensions ['ignore', 'ignore_ament_install']
[0.876s] Level 1:colcon.colcon_core.package_identification:_identify(src/my_bot) by extension 'ignore'
[0.876s] Level 1:colcon.colcon_core.package_identification:_identify(src/my_bot) by extension 'ignore_ament_install'
[0.876s] Level 1:colcon.colcon_core.package_identification:_identify(src/my_bot) by extensions ['colcon_pkg']
[0.876s] Level 1:colcon.colcon_core.package_identification:_identify(src/my_bot) by extension 'colcon_pkg'
[0.876s] Level 1:colcon.colcon_core.package_identification:_identify(src/my_bot) by extensions ['colcon_meta']
[0.876s] Level 1:colcon.colcon_core.package_identification:_identify(src/my_bot) by extension 'colcon_meta'
[0.876s] Level 1:colcon.colcon_core.package_identification:_identify(src/my_bot) by extensions ['ros']
[0.876s] Level 1:colcon.colcon_core.package_identification:_identify(src/my_bot) by extension 'ros'
[0.879s] DEBUG:colcon.colcon_core.package_identification:Package 'src/my_bot' with type 'ros.ament_cmake' and name 'my_bot'
[0.879s] Level 1:colcon.colcon_core.package_identification:_identify(src/rqt_joint_trajectory_controller) by extensions ['ignore', 'ignore_ament_install']
[0.879s] Level 1:colcon.colcon_core.package_identification:_identify(src/rqt_joint_trajectory_controller) by extension 'ignore'
[0.879s] Level 1:colcon.colcon_core.package_identification:_identify(src/rqt_joint_trajectory_controller) by extension 'ignore_ament_install'
[0.879s] Level 1:colcon.colcon_core.package_identification:_identify(src/rqt_joint_trajectory_controller) by extensions ['colcon_pkg']
[0.879s] Level 1:colcon.colcon_core.package_identification:_identify(src/rqt_joint_trajectory_controller) by extension 'colcon_pkg'
[0.879s] Level 1:colcon.colcon_core.package_identification:_identify(src/rqt_joint_trajectory_controller) by extensions ['colcon_meta']
[0.879s] Level 1:colcon.colcon_core.package_identification:_identify(src/rqt_joint_trajectory_controller) by extension 'colcon_meta'
[0.879s] Level 1:colcon.colcon_core.package_identification:_identify(src/rqt_joint_trajectory_controller) by extensions ['ros']
[0.880s] Level 1:colcon.colcon_core.package_identification:_identify(src/rqt_joint_trajectory_controller) by extension 'ros'
[0.880s] DEBUG:colcon.colcon_core.package_identification:Package 'src/rqt_joint_trajectory_controller' with type 'ros.ament_python' and name 'rqt_joint_trajectory_controller'
[0.880s] Level 1:colcon.colcon_core.package_discovery:discover_packages(recursive) using defaults
[0.880s] Level 1:colcon.colcon_core.package_discovery:discover_packages(ignore) discover
[0.880s] Level 1:colcon.colcon_core.package_discovery:discover_packages(ignore) using defaults
[0.881s] Level 1:colcon.colcon_core.package_discovery:discover_packages(path) discover
[0.881s] Level 1:colcon.colcon_core.package_discovery:discover_packages(path) using defaults
[0.929s] Level 1:colcon.colcon_core.package_discovery:discover_packages(prefix_path) check parameters
[0.929s] Level 1:colcon.colcon_core.package_discovery:discover_packages(prefix_path) discover
[0.943s] DEBUG:colcon.colcon_installed_package_information.package_discovery:Found 2 installed packages in /home/nayan/nasa_ws/install
[0.949s] DEBUG:colcon.colcon_installed_package_information.package_discovery:Found 3 installed packages in /home/nayan/ros2_ws/install
[0.955s] DEBUG:colcon.colcon_installed_package_information.package_discovery:Found 2 installed packages in /home/nayan/final_ws/install
[0.960s] DEBUG:colcon.colcon_installed_package_information.package_discovery:Found 1 installed packages in /home/nayan/artico_ws/install
[0.966s] DEBUG:colcon.colcon_installed_package_information.package_discovery:Found 1 installed packages in /home/nayan/moon_ws/install
[0.973s] DEBUG:colcon.colcon_installed_package_information.package_discovery:Found 379 installed packages in /opt/ros/humble
[0.976s] Level 1:colcon.colcon_core.package_discovery:discover_packages(prefix_path) using defaults
[1.091s] Level 5:colcon.colcon_core.verb:set package 'my_bot' build argument 'cmake_args' from command line to 'None'
[1.091s] Level 5:colcon.colcon_core.verb:set package 'my_bot' build argument 'cmake_target' from command line to 'None'
[1.091s] Level 5:colcon.colcon_core.verb:set package 'my_bot' build argument 'cmake_target_skip_unavailable' from command line to 'False'
[1.091s] Level 5:colcon.colcon_core.verb:set package 'my_bot' build argument 'cmake_clean_cache' from command line to 'False'
[1.091s] Level 5:colcon.colcon_core.verb:set package 'my_bot' build argument 'cmake_clean_first' from command line to 'False'
[1.091s] Level 5:colcon.colcon_core.verb:set package 'my_bot' build argument 'cmake_force_configure' from command line to 'False'
[1.091s] Level 5:colcon.colcon_core.verb:set package 'my_bot' build argument 'ament_cmake_args' from command line to 'None'
[1.091s] Level 5:colcon.colcon_core.verb:set package 'my_bot' build argument 'catkin_cmake_args' from command line to 'None'
[1.091s] Level 5:colcon.colcon_core.verb:set package 'my_bot' build argument 'catkin_skip_building_tests' from command line to 'False'
[1.091s] DEBUG:colcon.colcon_core.verb:Building package 'my_bot' with the following arguments: {'ament_cmake_args': None, 'build_base': '/home/nayan/nasa_ws/build/my_bot', 'catkin_cmake_args': None, 'catkin_skip_building_tests': False, 'cmake_args': None, 'cmake_clean_cache': False, 'cmake_clean_first': False, 'cmake_force_configure': False, 'cmake_target': None, 'cmake_target_skip_unavailable': False, 'install_base': '/home/nayan/nasa_ws/install/my_bot', 'merge_install': False, 'path': '/home/nayan/nasa_ws/src/my_bot', 'symlink_install': True, 'test_result_base': None}
[1.105s] Level 5:colcon.colcon_core.verb:set package 'rqt_joint_trajectory_controller' build argument 'cmake_args' from command line to 'None'
[1.105s] Level 5:colcon.colcon_core.verb:set package 'rqt_joint_trajectory_controller' build argument 'cmake_target' from command line to 'None'
[1.105s] Level 5:colcon.colcon_core.verb:set package 'rqt_joint_trajectory_controller' build argument 'cmake_target_skip_unavailable' from command line to 'False'
[1.105s] Level 5:colcon.colcon_core.verb:set package 'rqt_joint_trajectory_controller' build argument 'cmake_clean_cache' from command line to 'False'
[1.105s] Level 5:colcon.colcon_core.verb:set package 'rqt_joint_trajectory_controller' build argument 'cmake_clean_first' from command line to 'False'
[1.105s] Level 5:colcon.colcon_core.verb:set package 'rqt_joint_trajectory_controller' build argument 'cmake_force_configure' from command line to 'False'
[1.105s] Level 5:colcon.colcon_core.verb:set package 'rqt_joint_trajectory_controller' build argument 'ament_cmake_args' from command line to 'None'
[1.105s] Level 5:colcon.colcon_core.verb:set package 'rqt_joint_trajectory_controller' build argument 'catkin_cmake_args' from command line to 'None'
[1.105s] Level 5:colcon.colcon_core.verb:set package 'rqt_joint_trajectory_controller' build argument 'catkin_skip_building_tests' from command line to 'False'
[1.105s] DEBUG:colcon.colcon_core.verb:Building package 'rqt_joint_trajectory_controller' with the following arguments: {'ament_cmake_args': None, 'build_base': '/home/nayan/nasa_ws/build/rqt_joint_trajectory_controller', 'catkin_cmake_args': None, 'catkin_skip_building_tests': False, 'cmake_args': None, 'cmake_clean_cache': False, 'cmake_clean_first': False, 'cmake_force_configure': False, 'cmake_target': None, 'cmake_target_skip_unavailable': False, 'install_base': '/home/nayan/nasa_ws/install/rqt_joint_trajectory_controller', 'merge_install': False, 'path': '/home/nayan/nasa_ws/src/rqt_joint_trajectory_controller', 'symlink_install': True, 'test_result_base': None}
[1.109s] INFO:colcon.colcon_core.executor:Executing jobs using 'parallel' executor
[1.130s] DEBUG:colcon.colcon_parallel_executor.executor.parallel:run_until_complete
[1.130s] INFO:colcon.colcon_ros.task.ament_cmake.build:Building ROS package in '/home/nayan/nasa_ws/src/my_bot' with build type 'ament_cmake'
[1.131s] INFO:colcon.colcon_cmake.task.cmake.build:Building CMake package in '/home/nayan/nasa_ws/src/my_bot'
[1.144s] INFO:colcon.colcon_core.plugin_system:Skipping extension 'colcon_core.shell.bat': Not used on non-Windows systems
[1.144s] INFO:colcon.colcon_core.shell:Skip shell extension 'powershell' for command environment: Not usable outside of PowerShell
[1.144s] DEBUG:colcon.colcon_core.shell:Skip shell extension 'dsv' for command environment
[1.191s] INFO:colcon.colcon_ros.task.ament_python.build:Building ROS package in '/home/nayan/nasa_ws/src/rqt_joint_trajectory_controller' with build type 'ament_python'
[1.191s] Level 1:colcon.colcon_core.shell:create_environment_hook('rqt_joint_trajectory_controller', 'ament_prefix_path')
[1.202s] INFO:colcon.colcon_core.shell:Creating environment hook '/home/nayan/nasa_ws/install/rqt_joint_trajectory_controller/share/rqt_joint_trajectory_controller/hook/ament_prefix_path.ps1'
[1.203s] INFO:colcon.colcon_core.shell:Creating environment descriptor '/home/nayan/nasa_ws/install/rqt_joint_trajectory_controller/share/rqt_joint_trajectory_controller/hook/ament_prefix_path.dsv'
[1.203s] INFO:colcon.colcon_core.shell:Creating environment hook '/home/nayan/nasa_ws/install/rqt_joint_trajectory_controller/share/rqt_joint_trajectory_controller/hook/ament_prefix_path.sh'
[1.215s] INFO:colcon.colcon_core.shell:Skip shell extension 'powershell' for command environment: Not usable outside of PowerShell
[1.215s] DEBUG:colcon.colcon_core.shell:Skip shell extension 'dsv' for command environment
[1.272s] DEBUG:colcon.colcon_core.event_handler.log_command:Invoking command in '/home/nayan/nasa_ws/build/my_bot': CMAKE_PREFIX_PATH=${CMAKE_PREFIX_PATH}:/home/nayan/nasa_ws/install/rqt_joint_trajectory_controller:/home/nayan/ros2_ws/install/my_pkg:/home/nayan/final_ws/install/rqt_joint_trajectory_controller:/home/nayan/final_ws/install/robot:/opt/ros/humble /home/nayan/.local/bin/cmake --build /home/nayan/nasa_ws/build/my_bot -- -j8 -l8
[1.641s] INFO:colcon.colcon_core.task.python.build:Building Python package in '/home/nayan/nasa_ws/src/rqt_joint_trajectory_controller'
[1.651s] INFO:colcon.colcon_core.shell:Skip shell extension 'powershell' for command environment: Not usable outside of PowerShell
[1.651s] DEBUG:colcon.colcon_core.shell:Skip shell extension 'dsv' for command environment
[1.702s] DEBUG:colcon.colcon_core.event_handler.log_command:Invoked command in '/home/nayan/nasa_ws/build/my_bot' returned '0': CMAKE_PREFIX_PATH=${CMAKE_PREFIX_PATH}:/home/nayan/nasa_ws/install/rqt_joint_trajectory_controller:/home/nayan/ros2_ws/install/my_pkg:/home/nayan/final_ws/install/rqt_joint_trajectory_controller:/home/nayan/final_ws/install/robot:/opt/ros/humble /home/nayan/.local/bin/cmake --build /home/nayan/nasa_ws/build/my_bot -- -j8 -l8
[1.789s] DEBUG:colcon.colcon_core.event_handler.log_command:Invoking command in '/home/nayan/nasa_ws/build/my_bot': CMAKE_PREFIX_PATH=${CMAKE_PREFIX_PATH}:/home/nayan/nasa_ws/install/rqt_joint_trajectory_controller:/home/nayan/ros2_ws/install/my_pkg:/home/nayan/final_ws/install/rqt_joint_trajectory_controller:/home/nayan/final_ws/install/robot:/opt/ros/humble /home/nayan/.local/bin/cmake --install /home/nayan/nasa_ws/build/my_bot
[1.833s] Level 1:colcon.colcon_core.environment:create_environment_scripts_only(my_bot)
[1.835s] DEBUG:colcon.colcon_core.event_handler.log_command:Invoked command in '/home/nayan/nasa_ws/build/my_bot' returned '0': CMAKE_PREFIX_PATH=${CMAKE_PREFIX_PATH}:/home/nayan/nasa_ws/install/rqt_joint_trajectory_controller:/home/nayan/ros2_ws/install/my_pkg:/home/nayan/final_ws/install/rqt_joint_trajectory_controller:/home/nayan/final_ws/install/robot:/opt/ros/humble /home/nayan/.local/bin/cmake --install /home/nayan/nasa_ws/build/my_bot
[1.847s] Level 1:colcon.colcon_core.environment:checking '/home/nayan/nasa_ws/install/my_bot' for CMake module files
[1.848s] Level 1:colcon.colcon_core.environment:checking '/home/nayan/nasa_ws/install/my_bot' for CMake config files
[1.848s] Level 1:colcon.colcon_core.shell:create_environment_hook('my_bot', 'cmake_prefix_path')
[1.858s] INFO:colcon.colcon_core.shell:Creating environment hook '/home/nayan/nasa_ws/install/my_bot/share/my_bot/hook/cmake_prefix_path.ps1'
[1.859s] INFO:colcon.colcon_core.shell:Creating environment descriptor '/home/nayan/nasa_ws/install/my_bot/share/my_bot/hook/cmake_prefix_path.dsv'
[1.859s] INFO:colcon.colcon_core.shell:Creating environment hook '/home/nayan/nasa_ws/install/my_bot/share/my_bot/hook/cmake_prefix_path.sh'
[1.860s] Level 1:colcon.colcon_core.environment:checking '/home/nayan/nasa_ws/install/my_bot/bin'
[1.860s] Level 1:colcon.colcon_core.environment:checking '/home/nayan/nasa_ws/install/my_bot/lib/pkgconfig/my_bot.pc'
[1.860s] Level 1:colcon.colcon_core.environment:checking '/home/nayan/nasa_ws/install/my_bot/lib/python3.10/site-packages'
[1.860s] Level 1:colcon.colcon_core.environment:checking '/home/nayan/nasa_ws/install/my_bot/bin'
[1.870s] INFO:colcon.colcon_core.shell:Creating package script '/home/nayan/nasa_ws/install/my_bot/share/my_bot/package.ps1'
[1.871s] INFO:colcon.colcon_core.shell:Creating package descriptor '/home/nayan/nasa_ws/install/my_bot/share/my_bot/package.dsv'
[1.872s] INFO:colcon.colcon_core.shell:Creating package script '/home/nayan/nasa_ws/install/my_bot/share/my_bot/package.sh'
[1.874s] INFO:colcon.colcon_core.shell:Creating package script '/home/nayan/nasa_ws/install/my_bot/share/my_bot/package.bash'
[1.875s] INFO:colcon.colcon_core.shell:Creating package script '/home/nayan/nasa_ws/install/my_bot/share/my_bot/package.zsh'
[1.876s] Level 1:colcon.colcon_core.environment:create_file_with_runtime_dependencies(/home/nayan/nasa_ws/install/my_bot/share/colcon-core/packages/my_bot)
[1.929s] Level 1:colcon.colcon_core.environment:create_environment_scripts_only(my_bot)
[1.941s] Level 1:colcon.colcon_core.environment:checking '/home/nayan/nasa_ws/install/my_bot' for CMake module files
[1.942s] Level 1:colcon.colcon_core.environment:checking '/home/nayan/nasa_ws/install/my_bot' for CMake config files
[1.942s] Level 1:colcon.colcon_core.shell:create_environment_hook('my_bot', 'cmake_prefix_path')
[1.951s] INFO:colcon.colcon_core.shell:Creating environment hook '/home/nayan/nasa_ws/install/my_bot/share/my_bot/hook/cmake_prefix_path.ps1'
[1.952s] INFO:colcon.colcon_core.shell:Creating environment descriptor '/home/nayan/nasa_ws/install/my_bot/share/my_bot/hook/cmake_prefix_path.dsv'
[1.952s] INFO:colcon.colcon_core.shell:Creating environment hook '/home/nayan/nasa_ws/install/my_bot/share/my_bot/hook/cmake_prefix_path.sh'
[1.953s] Level 1:colcon.colcon_core.environment:checking '/home/nayan/nasa_ws/install/my_bot/bin'
[1.953s] Level 1:colcon.colcon_core.environment:checking '/home/nayan/nasa_ws/install/my_bot/lib/pkgconfig/my_bot.pc'
[1.953s] Level 1:colcon.colcon_core.environment:checking '/home/nayan/nasa_ws/install/my_bot/lib/python3.10/site-packages'
[1.953s] Level 1:colcon.colcon_core.environment:checking '/home/nayan/nasa_ws/install/my_bot/bin'
[1.962s] INFO:colcon.colcon_core.shell:Creating package script '/home/nayan/nasa_ws/install/my_bot/share/my_bot/package.ps1'
[1.963s] INFO:colcon.colcon_core.shell:Creating package descriptor '/home/nayan/nasa_ws/install/my_bot/share/my_bot/package.dsv'
[1.963s] INFO:colcon.colcon_core.shell:Creating package script '/home/nayan/nasa_ws/install/my_bot/share/my_bot/package.sh'
[1.964s] INFO:colcon.colcon_core.shell:Creating package script '/home/nayan/nasa_ws/install/my_bot/share/my_bot/package.bash'
[1.964s] INFO:colcon.colcon_core.shell:Creating package script '/home/nayan/nasa_ws/install/my_bot/share/my_bot/package.zsh'
[1.964s] Level 1:colcon.colcon_core.environment:create_file_with_runtime_dependencies(/home/nayan/nasa_ws/install/my_bot/share/colcon-core/packages/my_bot)
[2.208s] DEBUG:colcon.colcon_core.event_handler.log_command:Invoking command in '/home/nayan/nasa_ws/build/rqt_joint_trajectory_controller': PYTHONPATH=/home/nayan/nasa_ws/build/rqt_joint_trajectory_controller/prefix_override:/home/nayan/nasa_ws/install/rqt_joint_trajectory_controller/lib/python3.10/site-packages:${PYTHONPATH} /usr/bin/python3 setup.py develop --editable --build-directory /home/nayan/nasa_ws/build/rqt_joint_trajectory_controller/build --no-deps install_data
[2.880s] Level 1:colcon.colcon_core.shell:create_environment_hook('rqt_joint_trajectory_controller', 'pythonpath_develop')
[2.901s] DEBUG:colcon.colcon_core.event_handler.log_command:Invoked command in '/home/nayan/nasa_ws/build/rqt_joint_trajectory_controller' returned '0': PYTHONPATH=/home/nayan/nasa_ws/build/rqt_joint_trajectory_controller/prefix_override:/home/nayan/nasa_ws/install/rqt_joint_trajectory_controller/lib/python3.10/site-packages:${PYTHONPATH} /usr/bin/python3 setup.py develop --editable --build-directory /home/nayan/nasa_ws/build/rqt_joint_trajectory_controller/build --no-deps install_data
[2.905s] INFO:colcon.colcon_core.shell:Creating environment hook '/home/nayan/nasa_ws/build/rqt_joint_trajectory_controller/share/rqt_joint_trajectory_controller/hook/pythonpath_develop.ps1'
[2.906s] INFO:colcon.colcon_core.shell:Creating environment descriptor '/home/nayan/nasa_ws/build/rqt_joint_trajectory_controller/share/rqt_joint_trajectory_controller/hook/pythonpath_develop.dsv'
[2.907s] INFO:colcon.colcon_core.shell:Creating environment hook '/home/nayan/nasa_ws/build/rqt_joint_trajectory_controller/share/rqt_joint_trajectory_controller/hook/pythonpath_develop.sh'
[2.932s] Level 1:colcon.colcon_core.environment:checking '/home/nayan/nasa_ws/install/rqt_joint_trajectory_controller' for CMake module files
[2.934s] Level 1:colcon.colcon_core.environment:checking '/home/nayan/nasa_ws/install/rqt_joint_trajectory_controller' for CMake config files
[2.935s] Level 1:colcon.colcon_core.environment:checking '/home/nayan/nasa_ws/install/rqt_joint_trajectory_controller/lib'
[2.935s] Level 1:colcon.colcon_core.environment:checking '/home/nayan/nasa_ws/install/rqt_joint_trajectory_controller/bin'
[2.935s] Level 1:colcon.colcon_core.environment:checking '/home/nayan/nasa_ws/install/rqt_joint_trajectory_controller/lib/pkgconfig/rqt_joint_trajectory_controller.pc'
[2.936s] Level 1:colcon.colcon_core.environment:checking '/home/nayan/nasa_ws/install/rqt_joint_trajectory_controller/lib/python3.10/site-packages'
[2.936s] Level 1:colcon.colcon_core.shell:create_environment_hook('rqt_joint_trajectory_controller', 'pythonpath')
[2.952s] INFO:colcon.colcon_core.shell:Creating environment hook '/home/nayan/nasa_ws/install/rqt_joint_trajectory_controller/share/rqt_joint_trajectory_controller/hook/pythonpath.ps1'
[2.953s] INFO:colcon.colcon_core.shell:Creating environment descriptor '/home/nayan/nasa_ws/install/rqt_joint_trajectory_controller/share/rqt_joint_trajectory_controller/hook/pythonpath.dsv'
[2.954s] INFO:colcon.colcon_core.shell:Creating environment hook '/home/nayan/nasa_ws/install/rqt_joint_trajectory_controller/share/rqt_joint_trajectory_controller/hook/pythonpath.sh'
[2.954s] Level 1:colcon.colcon_core.environment:checking '/home/nayan/nasa_ws/install/rqt_joint_trajectory_controller/bin'
[2.955s] Level 1:colcon.colcon_core.environment:create_environment_scripts_only(rqt_joint_trajectory_controller)
[2.970s] INFO:colcon.colcon_core.shell:Creating package script '/home/nayan/nasa_ws/install/rqt_joint_trajectory_controller/share/rqt_joint_trajectory_controller/package.ps1'
[2.971s] INFO:colcon.colcon_core.shell:Creating package descriptor '/home/nayan/nasa_ws/install/rqt_joint_trajectory_controller/share/rqt_joint_trajectory_controller/package.dsv'
[2.972s] INFO:colcon.colcon_core.shell:Creating package script '/home/nayan/nasa_ws/install/rqt_joint_trajectory_controller/share/rqt_joint_trajectory_controller/package.sh'
[2.973s] INFO:colcon.colcon_core.shell:Creating package script '/home/nayan/nasa_ws/install/rqt_joint_trajectory_controller/share/rqt_joint_trajectory_controller/package.bash'
[2.973s] INFO:colcon.colcon_core.shell:Creating package script '/home/nayan/nasa_ws/install/rqt_joint_trajectory_controller/share/rqt_joint_trajectory_controller/package.zsh'
[2.974s] Level 1:colcon.colcon_core.environment:create_file_with_runtime_dependencies(/home/nayan/nasa_ws/install/rqt_joint_trajectory_controller/share/colcon-core/packages/rqt_joint_trajectory_controller)
[2.974s] DEBUG:colcon.colcon_parallel_executor.executor.parallel:closing loop
[2.975s] DEBUG:colcon.colcon_parallel_executor.executor.parallel:loop closed
[2.975s] DEBUG:colcon.colcon_parallel_executor.executor.parallel:run_until_complete finished with '0'
[2.975s] DEBUG:colcon.colcon_core.event_reactor:joining thread
[3.003s] INFO:colcon.colcon_core.plugin_system:Skipping extension 'colcon_notification.desktop_notification.terminal_notifier': Not used on non-Darwin systems
[3.003s] INFO:colcon.colcon_core.plugin_system:Skipping extension 'colcon_notification.desktop_notification.win32': Not used on non-Windows systems
[3.003s] INFO:colcon.colcon_notification.desktop_notification:Sending desktop notification using 'notify2'
[3.029s] DEBUG:colcon.colcon_core.event_reactor:joined thread
[3.040s] INFO:colcon.colcon_core.shell:Creating prefix script '/home/nayan/nasa_ws/install/local_setup.ps1'
[3.041s] INFO:colcon.colcon_core.shell:Creating prefix util module '/home/nayan/nasa_ws/install/_local_setup_util_ps1.py'
[3.043s] INFO:colcon.colcon_core.shell:Creating prefix chain script '/home/nayan/nasa_ws/install/setup.ps1'
[3.052s] INFO:colcon.colcon_core.shell:Creating prefix script '/home/nayan/nasa_ws/install/local_setup.sh'
[3.052s] INFO:colcon.colcon_core.shell:Creating prefix util module '/home/nayan/nasa_ws/install/_local_setup_util_sh.py'
[3.053s] INFO:colcon.colcon_core.shell:Creating prefix chain script '/home/nayan/nasa_ws/install/setup.sh'
[3.062s] INFO:colcon.colcon_core.shell:Creating prefix script '/home/nayan/nasa_ws/install/local_setup.bash'
[3.063s] INFO:colcon.colcon_core.shell:Creating prefix chain script '/home/nayan/nasa_ws/install/setup.bash'
[3.071s] INFO:colcon.colcon_core.shell:Creating prefix script '/home/nayan/nasa_ws/install/local_setup.zsh'
[3.071s] INFO:colcon.colcon_core.shell:Creating prefix chain script '/home/nayan/nasa_ws/install/setup.zsh'
