-- The C compiler identification is GNU 11.3.0
-- The CXX compiler identification is GNU 11.3.0
-- Detecting C compiler ABI info
-- Detecting C compiler ABI info - done
-- Check for working C compiler: /usr/bin/cc - skipped
-- Detecting C compile features
-- Detecting C compile features - done
-- Detecting CXX compiler ABI info
-- Detecting CXX compiler ABI info - done
-- Check for working CXX compiler: /usr/bin/c++ - skipped
-- Detecting CXX compile features
-- Detecting CXX compile features - done
-- Found ament_cmake: 1.3.3 (/opt/ros/humble/share/ament_cmake/cmake)
-- Found Python3: /usr/bin/python3.10 (found version "3.10.6") found components: Interpreter 
-- Override CMake install command with custom implementation using symlinks instead of copying resources
-- Found ament_lint_auto: 0.12.5 (/opt/ros/humble/share/ament_lint_auto/cmake)
-- Added test 'flake8' to check Python code syntax and style conventions
-- Added test 'lint_cmake' to check CMake code style
-- Added test 'pep257' to check Python code against some of the docstring style conventions in PEP 257
-- Added test 'xmllint' to check XML markup files
-- Configuring done (1.0s)
-- Generating done (0.0s)
-- Build files have been written to: /home/nayan/nasa_ws/build/my_bot
-- Install configuration: ""
-- Execute custom install script
-- Symlinking: /home/nayan/nasa_ws/install/my_bot/share/my_bot/config/gripper_controller.yaml
-- Symlinking: /home/nayan/nasa_ws/install/my_bot/share/my_bot/config/mobile_manipulators.yaml
-- Symlinking: /home/nayan/nasa_ws/install/my_bot/share/my_bot/description/gazebo_control.xacro
-- Symlinking: /home/nayan/nasa_ws/install/my_bot/share/my_bot/description/inertial_macros.xacro
-- Symlinking: /home/nayan/nasa_ws/install/my_bot/share/my_bot/description/manipulator.xacro
-- Symlinking: /home/nayan/nasa_ws/install/my_bot/share/my_bot/description/robot.core.xacro
-- Symlinking: /home/nayan/nasa_ws/install/my_bot/share/my_bot/description/robot.urdf.xacro
-- Symlinking: /home/nayan/nasa_ws/install/my_bot/share/my_bot/description/ros2_control.xacro
-- Symlinking: /home/nayan/nasa_ws/install/my_bot/share/my_bot/description/test.mimic.ros2_control.xacro
-- Symlinking: /home/nayan/nasa_ws/install/my_bot/share/my_bot/description/test.mimic.xacro
-- Symlinking: /home/nayan/nasa_ws/install/my_bot/share/my_bot/description/test_gripper_mimic_joint.xacro
-- Symlinking: /home/nayan/nasa_ws/install/my_bot/share/my_bot/launch/core.launch.py
-- Symlinking: /home/nayan/nasa_ws/install/my_bot/share/my_bot/launch/gripper.test.launch.py
-- Symlinking: /home/nayan/nasa_ws/install/my_bot/share/my_bot/launch/robot.launch.py
-- Symlinking: /home/nayan/nasa_ws/install/my_bot/share/my_bot/launch/test.launch.py
-- Symlinking: /home/nayan/nasa_ws/install/my_bot/share/ament_index/resource_index/package_run_dependencies/my_bot
-- Symlinking: /home/nayan/nasa_ws/install/my_bot/share/ament_index/resource_index/parent_prefix_path/my_bot
-- Symlinking: /home/nayan/nasa_ws/install/my_bot/share/my_bot/environment/ament_prefix_path.sh
-- Symlinking: /home/nayan/nasa_ws/install/my_bot/share/my_bot/environment/ament_prefix_path.dsv
-- Symlinking: /home/nayan/nasa_ws/install/my_bot/share/my_bot/environment/path.sh
-- Symlinking: /home/nayan/nasa_ws/install/my_bot/share/my_bot/environment/path.dsv
-- Symlinking: /home/nayan/nasa_ws/install/my_bot/share/my_bot/local_setup.bash
-- Symlinking: /home/nayan/nasa_ws/install/my_bot/share/my_bot/local_setup.sh
-- Symlinking: /home/nayan/nasa_ws/install/my_bot/share/my_bot/local_setup.zsh
-- Symlinking: /home/nayan/nasa_ws/install/my_bot/share/my_bot/local_setup.dsv
-- Symlinking: /home/nayan/nasa_ws/install/my_bot/share/my_bot/package.dsv
-- Symlinking: /home/nayan/nasa_ws/install/my_bot/share/ament_index/resource_index/packages/my_bot
-- Symlinking: /home/nayan/nasa_ws/install/my_bot/share/my_bot/cmake/my_botConfig.cmake
-- Symlinking: /home/nayan/nasa_ws/install/my_bot/share/my_bot/cmake/my_botConfig-version.cmake
-- Symlinking: /home/nayan/nasa_ws/install/my_bot/share/my_bot/package.xml
