[0.779s] DEBUG:colcon:Command line arguments: ['/home/nayan/.local/bin/colcon', 'build', '--symlink-install']
[0.779s] DEBUG:colcon:Parsed command line arguments: Namespace(log_base=None, log_level=None, verb_name='build', build_base='build', install_base='install', merge_install=False, symlink_install=True, test_result_base=None, continue_on_error=False, executor='parallel', parallel_workers=8, event_handlers=None, ignore_user_meta=False, metas=['./colcon.meta'], base_paths=['.'], packages_ignore=None, packages_ignore_regex=None, paths=None, packages_up_to=None, packages_up_to_regex=None, packages_above=None, packages_above_and_dependencies=None, packages_above_depth=None, packages_select_by_dep=None, packages_skip_by_dep=None, packages_skip_up_to=None, packages_select_build_failed=False, packages_skip_build_finished=False, packages_select_test_failures=False, packages_skip_test_passed=False, packages_select=None, packages_skip=None, packages_select_regex=None, packages_skip_regex=None, packages_start=None, packages_end=None, allow_overriding=[], cmake_args=None, cmake_target=None, cmake_target_skip_unavailable=False, cmake_clean_cache=False, cmake_clean_first=False, cmake_force_configure=False, ament_cmake_args=None, catkin_cmake_args=None, catkin_skip_building_tests=False, verb_parser=<colcon_defaults.argument_parser.defaults.DefaultArgumentsDecorator object at 0x7f19b9337760>, verb_extension=<colcon_core.verb.build.BuildVerb object at 0x7f19b93371f0>, main=<bound method BuildVerb.main of <colcon_core.verb.build.BuildVerb object at 0x7f19b93371f0>>)
[0.818s] Level 1:colcon.colcon_core.package_discovery:discover_packages(colcon_meta) check parameters
[0.818s] Level 1:colcon.colcon_core.package_discovery:discover_packages(recursive) check parameters
[0.818s] Level 1:colcon.colcon_core.package_discovery:discover_packages(ignore) check parameters
[0.818s] Level 1:colcon.colcon_core.package_discovery:discover_packages(path) check parameters
[0.818s] Level 1:colcon.colcon_core.package_discovery:discover_packages(colcon_meta) discover
[0.818s] Level 1:colcon.colcon_core.package_discovery:discover_packages(recursive) discover
[0.818s] INFO:colcon.colcon_core.package_discovery:Crawling recursively for packages in '/home/nayan/nasa_ws'
[0.818s] Level 1:colcon.colcon_core.package_identification:_identify(.) by extensions ['ignore', 'ignore_ament_install']
[0.818s] Level 1:colcon.colcon_core.package_identification:_identify(.) by extension 'ignore'
[0.818s] Level 1:colcon.colcon_core.package_identification:_identify(.) by extension 'ignore_ament_install'
[0.818s] Level 1:colcon.colcon_core.package_identification:_identify(.) by extensions ['colcon_pkg']
[0.818s] Level 1:colcon.colcon_core.package_identification:_identify(.) by extension 'colcon_pkg'
[0.819s] Level 1:colcon.colcon_core.package_identification:_identify(.) by extensions ['colcon_meta']
[0.819s] Level 1:colcon.colcon_core.package_identification:_identify(.) by extension 'colcon_meta'
[0.819s] Level 1:colcon.colcon_core.package_identification:_identify(.) by extensions ['ros']
[0.819s] Level 1:colcon.colcon_core.package_identification:_identify(.) by extension 'ros'
[0.830s] Level 1:colcon.colcon_core.package_identification:_identify(.) by extensions ['cmake', 'python']
[0.830s] Level 1:colcon.colcon_core.package_identification:_identify(.) by extension 'cmake'
[0.830s] Level 1:colcon.colcon_core.package_identification:_identify(.) by extension 'python'
[0.830s] Level 1:colcon.colcon_core.package_identification:_identify(.) by extensions ['python_setup_py']
[0.830s] Level 1:colcon.colcon_core.package_identification:_identify(.) by extension 'python_setup_py'
[0.830s] Level 1:colcon.colcon_core.package_identification:_identify(build) by extensions ['ignore', 'ignore_ament_install']
[0.831s] Level 1:colcon.colcon_core.package_identification:_identify(build) by extension 'ignore'
[0.831s] Level 1:colcon.colcon_core.package_identification:_identify(build) ignored
[0.831s] Level 1:colcon.colcon_core.package_identification:_identify(install) by extensions ['ignore', 'ignore_ament_install']
[0.831s] Level 1:colcon.colcon_core.package_identification:_identify(install) by extension 'ignore'
[0.831s] Level 1:colcon.colcon_core.package_identification:_identify(install) ignored
[0.831s] Level 1:colcon.colcon_core.package_identification:_identify(log) by extensions ['ignore', 'ignore_ament_install']
[0.831s] Level 1:colcon.colcon_core.package_identification:_identify(log) by extension 'ignore'
[0.831s] Level 1:colcon.colcon_core.package_identification:_identify(log) ignored
[0.831s] Level 1:colcon.colcon_core.package_identification:_identify(src) by extensions ['ignore', 'ignore_ament_install']
[0.832s] Level 1:colcon.colcon_core.package_identification:_identify(src) by extension 'ignore'
[0.832s] Level 1:colcon.colcon_core.package_identification:_identify(src) by extension 'ignore_ament_install'
[0.832s] Level 1:colcon.colcon_core.package_identification:_identify(src) by extensions ['colcon_pkg']
[0.832s] Level 1:colcon.colcon_core.package_identification:_identify(src) by extension 'colcon_pkg'
[0.832s] Level 1:colcon.colcon_core.package_identification:_identify(src) by extensions ['colcon_meta']
[0.832s] Level 1:colcon.colcon_core.package_identification:_identify(src) by extension 'colcon_meta'
[0.832s] Level 1:colcon.colcon_core.package_identification:_identify(src) by extensions ['ros']
[0.832s] Level 1:colcon.colcon_core.package_identification:_identify(src) by extension 'ros'
[0.832s] Level 1:colcon.colcon_core.package_identification:_identify(src) by extensions ['cmake', 'python']
[0.832s] Level 1:colcon.colcon_core.package_identification:_identify(src) by extension 'cmake'
[0.832s] Level 1:colcon.colcon_core.package_identification:_identify(src) by extension 'python'
[0.832s] Level 1:colcon.colcon_core.package_identification:_identify(src) by extensions ['python_setup_py']
[0.832s] Level 1:colcon.colcon_core.package_identification:_identify(src) by extension 'python_setup_py'
[0.832s] Level 1:colcon.colcon_core.package_identification:_identify(src/my_bot) by extensions ['ignore', 'ignore_ament_install']
[0.832s] Level 1:colcon.colcon_core.package_identification:_identify(src/my_bot) by extension 'ignore'
[0.833s] Level 1:colcon.colcon_core.package_identification:_identify(src/my_bot) by extension 'ignore_ament_install'
[0.833s] Level 1:colcon.colcon_core.package_identification:_identify(src/my_bot) by extensions ['colcon_pkg']
[0.833s] Level 1:colcon.colcon_core.package_identification:_identify(src/my_bot) by extension 'colcon_pkg'
[0.833s] Level 1:colcon.colcon_core.package_identification:_identify(src/my_bot) by extensions ['colcon_meta']
[0.833s] Level 1:colcon.colcon_core.package_identification:_identify(src/my_bot) by extension 'colcon_meta'
[0.833s] Level 1:colcon.colcon_core.package_identification:_identify(src/my_bot) by extensions ['ros']
[0.833s] Level 1:colcon.colcon_core.package_identification:_identify(src/my_bot) by extension 'ros'
[0.835s] DEBUG:colcon.colcon_core.package_identification:Package 'src/my_bot' with type 'ros.ament_cmake' and name 'my_bot'
[0.835s] Level 1:colcon.colcon_core.package_identification:_identify(src/rqt_joint_trajectory_controller) by extensions ['ignore', 'ignore_ament_install']
[0.835s] Level 1:colcon.colcon_core.package_identification:_identify(src/rqt_joint_trajectory_controller) by extension 'ignore'
[0.835s] Level 1:colcon.colcon_core.package_identification:_identify(src/rqt_joint_trajectory_controller) by extension 'ignore_ament_install'
[0.835s] Level 1:colcon.colcon_core.package_identification:_identify(src/rqt_joint_trajectory_controller) by extensions ['colcon_pkg']
[0.836s] Level 1:colcon.colcon_core.package_identification:_identify(src/rqt_joint_trajectory_controller) by extension 'colcon_pkg'
[0.836s] Level 1:colcon.colcon_core.package_identification:_identify(src/rqt_joint_trajectory_controller) by extensions ['colcon_meta']
[0.836s] Level 1:colcon.colcon_core.package_identification:_identify(src/rqt_joint_trajectory_controller) by extension 'colcon_meta'
[0.836s] Level 1:colcon.colcon_core.package_identification:_identify(src/rqt_joint_trajectory_controller) by extensions ['ros']
[0.836s] Level 1:colcon.colcon_core.package_identification:_identify(src/rqt_joint_trajectory_controller) by extension 'ros'
[0.837s] DEBUG:colcon.colcon_core.package_identification:Package 'src/rqt_joint_trajectory_controller' with type 'ros.ament_python' and name 'rqt_joint_trajectory_controller'
[0.837s] Level 1:colcon.colcon_core.package_discovery:discover_packages(recursive) using defaults
[0.837s] Level 1:colcon.colcon_core.package_discovery:discover_packages(ignore) discover
[0.837s] Level 1:colcon.colcon_core.package_discovery:discover_packages(ignore) using defaults
[0.837s] Level 1:colcon.colcon_core.package_discovery:discover_packages(path) discover
[0.837s] Level 1:colcon.colcon_core.package_discovery:discover_packages(path) using defaults
[0.897s] Level 1:colcon.colcon_core.package_discovery:discover_packages(prefix_path) check parameters
[0.898s] Level 1:colcon.colcon_core.package_discovery:discover_packages(prefix_path) discover
[0.911s] DEBUG:colcon.colcon_installed_package_information.package_discovery:Found 2 installed packages in /home/nayan/nasa_ws/install
[0.916s] DEBUG:colcon.colcon_installed_package_information.package_discovery:Found 1 installed packages in /home/nayan/moon_ws/install
[0.922s] DEBUG:colcon.colcon_installed_package_information.package_discovery:Found 3 installed packages in /home/nayan/ros2_ws/install
[0.927s] DEBUG:colcon.colcon_installed_package_information.package_discovery:Found 2 installed packages in /home/nayan/final_ws/install
[0.933s] DEBUG:colcon.colcon_installed_package_information.package_discovery:Found 1 installed packages in /home/nayan/artico_ws/install
[0.939s] DEBUG:colcon.colcon_installed_package_information.package_discovery:Found 379 installed packages in /opt/ros/humble
[0.942s] Level 1:colcon.colcon_core.package_discovery:discover_packages(prefix_path) using defaults
[1.053s] Level 5:colcon.colcon_core.verb:set package 'my_bot' build argument 'cmake_args' from command line to 'None'
[1.054s] Level 5:colcon.colcon_core.verb:set package 'my_bot' build argument 'cmake_target' from command line to 'None'
[1.054s] Level 5:colcon.colcon_core.verb:set package 'my_bot' build argument 'cmake_target_skip_unavailable' from command line to 'False'
[1.054s] Level 5:colcon.colcon_core.verb:set package 'my_bot' build argument 'cmake_clean_cache' from command line to 'False'
[1.054s] Level 5:colcon.colcon_core.verb:set package 'my_bot' build argument 'cmake_clean_first' from command line to 'False'
[1.054s] Level 5:colcon.colcon_core.verb:set package 'my_bot' build argument 'cmake_force_configure' from command line to 'False'
[1.054s] Level 5:colcon.colcon_core.verb:set package 'my_bot' build argument 'ament_cmake_args' from command line to 'None'
[1.054s] Level 5:colcon.colcon_core.verb:set package 'my_bot' build argument 'catkin_cmake_args' from command line to 'None'
[1.054s] Level 5:colcon.colcon_core.verb:set package 'my_bot' build argument 'catkin_skip_building_tests' from command line to 'False'
[1.054s] DEBUG:colcon.colcon_core.verb:Building package 'my_bot' with the following arguments: {'ament_cmake_args': None, 'build_base': '/home/nayan/nasa_ws/build/my_bot', 'catkin_cmake_args': None, 'catkin_skip_building_tests': False, 'cmake_args': None, 'cmake_clean_cache': False, 'cmake_clean_first': False, 'cmake_force_configure': False, 'cmake_target': None, 'cmake_target_skip_unavailable': False, 'install_base': '/home/nayan/nasa_ws/install/my_bot', 'merge_install': False, 'path': '/home/nayan/nasa_ws/src/my_bot', 'symlink_install': True, 'test_result_base': None}
[1.066s] Level 5:colcon.colcon_core.verb:set package 'rqt_joint_trajectory_controller' build argument 'cmake_args' from command line to 'None'
[1.066s] Level 5:colcon.colcon_core.verb:set package 'rqt_joint_trajectory_controller' build argument 'cmake_target' from command line to 'None'
[1.066s] Level 5:colcon.colcon_core.verb:set package 'rqt_joint_trajectory_controller' build argument 'cmake_target_skip_unavailable' from command line to 'False'
[1.066s] Level 5:colcon.colcon_core.verb:set package 'rqt_joint_trajectory_controller' build argument 'cmake_clean_cache' from command line to 'False'
[1.066s] Level 5:colcon.colcon_core.verb:set package 'rqt_joint_trajectory_controller' build argument 'cmake_clean_first' from command line to 'False'
[1.066s] Level 5:colcon.colcon_core.verb:set package 'rqt_joint_trajectory_controller' build argument 'cmake_force_configure' from command line to 'False'
[1.066s] Level 5:colcon.colcon_core.verb:set package 'rqt_joint_trajectory_controller' build argument 'ament_cmake_args' from command line to 'None'
[1.066s] Level 5:colcon.colcon_core.verb:set package 'rqt_joint_trajectory_controller' build argument 'catkin_cmake_args' from command line to 'None'
[1.066s] Level 5:colcon.colcon_core.verb:set package 'rqt_joint_trajectory_controller' build argument 'catkin_skip_building_tests' from command line to 'False'
[1.067s] DEBUG:colcon.colcon_core.verb:Building package 'rqt_joint_trajectory_controller' with the following arguments: {'ament_cmake_args': None, 'build_base': '/home/nayan/nasa_ws/build/rqt_joint_trajectory_controller', 'catkin_cmake_args': None, 'catkin_skip_building_tests': False, 'cmake_args': None, 'cmake_clean_cache': False, 'cmake_clean_first': False, 'cmake_force_configure': False, 'cmake_target': None, 'cmake_target_skip_unavailable': False, 'install_base': '/home/nayan/nasa_ws/install/rqt_joint_trajectory_controller', 'merge_install': False, 'path': '/home/nayan/nasa_ws/src/rqt_joint_trajectory_controller', 'symlink_install': True, 'test_result_base': None}
[1.070s] INFO:colcon.colcon_core.executor:Executing jobs using 'parallel' executor
[1.090s] DEBUG:colcon.colcon_parallel_executor.executor.parallel:run_until_complete
[1.091s] INFO:colcon.colcon_ros.task.ament_cmake.build:Building ROS package in '/home/nayan/nasa_ws/src/my_bot' with build type 'ament_cmake'
[1.091s] INFO:colcon.colcon_cmake.task.cmake.build:Building CMake package in '/home/nayan/nasa_ws/src/my_bot'
[1.103s] INFO:colcon.colcon_core.plugin_system:Skipping extension 'colcon_core.shell.bat': Not used on non-Windows systems
[1.103s] INFO:colcon.colcon_core.shell:Skip shell extension 'powershell' for command environment: Not usable outside of PowerShell
[1.103s] DEBUG:colcon.colcon_core.shell:Skip shell extension 'dsv' for command environment
[1.147s] INFO:colcon.colcon_ros.task.ament_python.build:Building ROS package in '/home/nayan/nasa_ws/src/rqt_joint_trajectory_controller' with build type 'ament_python'
[1.147s] Level 1:colcon.colcon_core.shell:create_environment_hook('rqt_joint_trajectory_controller', 'ament_prefix_path')
[1.156s] INFO:colcon.colcon_core.shell:Creating environment hook '/home/nayan/nasa_ws/install/rqt_joint_trajectory_controller/share/rqt_joint_trajectory_controller/hook/ament_prefix_path.ps1'
[1.157s] INFO:colcon.colcon_core.shell:Creating environment descriptor '/home/nayan/nasa_ws/install/rqt_joint_trajectory_controller/share/rqt_joint_trajectory_controller/hook/ament_prefix_path.dsv'
[1.157s] INFO:colcon.colcon_core.shell:Creating environment hook '/home/nayan/nasa_ws/install/rqt_joint_trajectory_controller/share/rqt_joint_trajectory_controller/hook/ament_prefix_path.sh'
[1.167s] INFO:colcon.colcon_core.shell:Skip shell extension 'powershell' for command environment: Not usable outside of PowerShell
[1.167s] DEBUG:colcon.colcon_core.shell:Skip shell extension 'dsv' for command environment
[1.220s] DEBUG:colcon.colcon_core.event_handler.log_command:Invoking command in '/home/nayan/nasa_ws/build/my_bot': CMAKE_PREFIX_PATH=${CMAKE_PREFIX_PATH}:/home/nayan/nasa_ws/install/rqt_joint_trajectory_controller:/home/nayan/ros2_ws/install/my_pkg:/home/nayan/final_ws/install/rqt_joint_trajectory_controller:/home/nayan/final_ws/install/robot:/opt/ros/humble /home/nayan/.local/bin/cmake --build /home/nayan/nasa_ws/build/my_bot -- -j8 -l8
[1.578s] INFO:colcon.colcon_core.task.python.build:Building Python package in '/home/nayan/nasa_ws/src/rqt_joint_trajectory_controller'
[1.588s] INFO:colcon.colcon_core.shell:Skip shell extension 'powershell' for command environment: Not usable outside of PowerShell
[1.588s] DEBUG:colcon.colcon_core.shell:Skip shell extension 'dsv' for command environment
[1.635s] DEBUG:colcon.colcon_core.event_handler.log_command:Invoked command in '/home/nayan/nasa_ws/build/my_bot' returned '0': CMAKE_PREFIX_PATH=${CMAKE_PREFIX_PATH}:/home/nayan/nasa_ws/install/rqt_joint_trajectory_controller:/home/nayan/ros2_ws/install/my_pkg:/home/nayan/final_ws/install/rqt_joint_trajectory_controller:/home/nayan/final_ws/install/robot:/opt/ros/humble /home/nayan/.local/bin/cmake --build /home/nayan/nasa_ws/build/my_bot -- -j8 -l8
[1.719s] DEBUG:colcon.colcon_core.event_handler.log_command:Invoking command in '/home/nayan/nasa_ws/build/my_bot': CMAKE_PREFIX_PATH=${CMAKE_PREFIX_PATH}:/home/nayan/nasa_ws/install/rqt_joint_trajectory_controller:/home/nayan/ros2_ws/install/my_pkg:/home/nayan/final_ws/install/rqt_joint_trajectory_controller:/home/nayan/final_ws/install/robot:/opt/ros/humble /home/nayan/.local/bin/cmake --install /home/nayan/nasa_ws/build/my_bot
[1.764s] Level 1:colcon.colcon_core.environment:create_environment_scripts_only(my_bot)
[1.767s] DEBUG:colcon.colcon_core.event_handler.log_command:Invoked command in '/home/nayan/nasa_ws/build/my_bot' returned '0': CMAKE_PREFIX_PATH=${CMAKE_PREFIX_PATH}:/home/nayan/nasa_ws/install/rqt_joint_trajectory_controller:/home/nayan/ros2_ws/install/my_pkg:/home/nayan/final_ws/install/rqt_joint_trajectory_controller:/home/nayan/final_ws/install/robot:/opt/ros/humble /home/nayan/.local/bin/cmake --install /home/nayan/nasa_ws/build/my_bot
[1.778s] Level 1:colcon.colcon_core.environment:checking '/home/nayan/nasa_ws/install/my_bot' for CMake module files
[1.779s] Level 1:colcon.colcon_core.environment:checking '/home/nayan/nasa_ws/install/my_bot' for CMake config files
[1.780s] Level 1:colcon.colcon_core.shell:create_environment_hook('my_bot', 'cmake_prefix_path')
[1.790s] INFO:colcon.colcon_core.shell:Creating environment hook '/home/nayan/nasa_ws/install/my_bot/share/my_bot/hook/cmake_prefix_path.ps1'
[1.791s] INFO:colcon.colcon_core.shell:Creating environment descriptor '/home/nayan/nasa_ws/install/my_bot/share/my_bot/hook/cmake_prefix_path.dsv'
[1.791s] INFO:colcon.colcon_core.shell:Creating environment hook '/home/nayan/nasa_ws/install/my_bot/share/my_bot/hook/cmake_prefix_path.sh'
[1.792s] Level 1:colcon.colcon_core.environment:checking '/home/nayan/nasa_ws/install/my_bot/bin'
[1.792s] Level 1:colcon.colcon_core.environment:checking '/home/nayan/nasa_ws/install/my_bot/lib/pkgconfig/my_bot.pc'
[1.792s] Level 1:colcon.colcon_core.environment:checking '/home/nayan/nasa_ws/install/my_bot/lib/python3.10/site-packages'
[1.792s] Level 1:colcon.colcon_core.environment:checking '/home/nayan/nasa_ws/install/my_bot/bin'
[1.801s] INFO:colcon.colcon_core.shell:Creating package script '/home/nayan/nasa_ws/install/my_bot/share/my_bot/package.ps1'
[1.802s] INFO:colcon.colcon_core.shell:Creating package descriptor '/home/nayan/nasa_ws/install/my_bot/share/my_bot/package.dsv'
[1.803s] INFO:colcon.colcon_core.shell:Creating package script '/home/nayan/nasa_ws/install/my_bot/share/my_bot/package.sh'
[1.804s] INFO:colcon.colcon_core.shell:Creating package script '/home/nayan/nasa_ws/install/my_bot/share/my_bot/package.bash'
[1.805s] INFO:colcon.colcon_core.shell:Creating package script '/home/nayan/nasa_ws/install/my_bot/share/my_bot/package.zsh'
[1.805s] Level 1:colcon.colcon_core.environment:create_file_with_runtime_dependencies(/home/nayan/nasa_ws/install/my_bot/share/colcon-core/packages/my_bot)
[1.859s] Level 1:colcon.colcon_core.environment:create_environment_scripts_only(my_bot)
[1.870s] Level 1:colcon.colcon_core.environment:checking '/home/nayan/nasa_ws/install/my_bot' for CMake module files
[1.870s] Level 1:colcon.colcon_core.environment:checking '/home/nayan/nasa_ws/install/my_bot' for CMake config files
[1.871s] Level 1:colcon.colcon_core.shell:create_environment_hook('my_bot', 'cmake_prefix_path')
[1.879s] INFO:colcon.colcon_core.shell:Creating environment hook '/home/nayan/nasa_ws/install/my_bot/share/my_bot/hook/cmake_prefix_path.ps1'
[1.880s] INFO:colcon.colcon_core.shell:Creating environment descriptor '/home/nayan/nasa_ws/install/my_bot/share/my_bot/hook/cmake_prefix_path.dsv'
[1.881s] INFO:colcon.colcon_core.shell:Creating environment hook '/home/nayan/nasa_ws/install/my_bot/share/my_bot/hook/cmake_prefix_path.sh'
[1.881s] Level 1:colcon.colcon_core.environment:checking '/home/nayan/nasa_ws/install/my_bot/bin'
[1.881s] Level 1:colcon.colcon_core.environment:checking '/home/nayan/nasa_ws/install/my_bot/lib/pkgconfig/my_bot.pc'
[1.881s] Level 1:colcon.colcon_core.environment:checking '/home/nayan/nasa_ws/install/my_bot/lib/python3.10/site-packages'
[1.882s] Level 1:colcon.colcon_core.environment:checking '/home/nayan/nasa_ws/install/my_bot/bin'
[1.890s] INFO:colcon.colcon_core.shell:Creating package script '/home/nayan/nasa_ws/install/my_bot/share/my_bot/package.ps1'
[1.891s] INFO:colcon.colcon_core.shell:Creating package descriptor '/home/nayan/nasa_ws/install/my_bot/share/my_bot/package.dsv'
[1.892s] INFO:colcon.colcon_core.shell:Creating package script '/home/nayan/nasa_ws/install/my_bot/share/my_bot/package.sh'
[1.892s] INFO:colcon.colcon_core.shell:Creating package script '/home/nayan/nasa_ws/install/my_bot/share/my_bot/package.bash'
[1.892s] INFO:colcon.colcon_core.shell:Creating package script '/home/nayan/nasa_ws/install/my_bot/share/my_bot/package.zsh'
[1.893s] Level 1:colcon.colcon_core.environment:create_file_with_runtime_dependencies(/home/nayan/nasa_ws/install/my_bot/share/colcon-core/packages/my_bot)
[2.105s] DEBUG:colcon.colcon_core.event_handler.log_command:Invoking command in '/home/nayan/nasa_ws/build/rqt_joint_trajectory_controller': PYTHONPATH=/home/nayan/nasa_ws/build/rqt_joint_trajectory_controller/prefix_override:/home/nayan/nasa_ws/install/rqt_joint_trajectory_controller/lib/python3.10/site-packages:${PYTHONPATH} /usr/bin/python3 setup.py develop --editable --build-directory /home/nayan/nasa_ws/build/rqt_joint_trajectory_controller/build --no-deps install_data
[2.739s] Level 1:colcon.colcon_core.shell:create_environment_hook('rqt_joint_trajectory_controller', 'pythonpath_develop')
[2.745s] DEBUG:colcon.colcon_core.event_handler.log_command:Invoked command in '/home/nayan/nasa_ws/build/rqt_joint_trajectory_controller' returned '0': PYTHONPATH=/home/nayan/nasa_ws/build/rqt_joint_trajectory_controller/prefix_override:/home/nayan/nasa_ws/install/rqt_joint_trajectory_controller/lib/python3.10/site-packages:${PYTHONPATH} /usr/bin/python3 setup.py develop --editable --build-directory /home/nayan/nasa_ws/build/rqt_joint_trajectory_controller/build --no-deps install_data
[2.763s] INFO:colcon.colcon_core.shell:Creating environment hook '/home/nayan/nasa_ws/build/rqt_joint_trajectory_controller/share/rqt_joint_trajectory_controller/hook/pythonpath_develop.ps1'
[2.765s] INFO:colcon.colcon_core.shell:Creating environment descriptor '/home/nayan/nasa_ws/build/rqt_joint_trajectory_controller/share/rqt_joint_trajectory_controller/hook/pythonpath_develop.dsv'
[2.765s] INFO:colcon.colcon_core.shell:Creating environment hook '/home/nayan/nasa_ws/build/rqt_joint_trajectory_controller/share/rqt_joint_trajectory_controller/hook/pythonpath_develop.sh'
[2.790s] Level 1:colcon.colcon_core.environment:checking '/home/nayan/nasa_ws/install/rqt_joint_trajectory_controller' for CMake module files
[2.791s] Level 1:colcon.colcon_core.environment:checking '/home/nayan/nasa_ws/install/rqt_joint_trajectory_controller' for CMake config files
[2.792s] Level 1:colcon.colcon_core.environment:checking '/home/nayan/nasa_ws/install/rqt_joint_trajectory_controller/lib'
[2.793s] Level 1:colcon.colcon_core.environment:checking '/home/nayan/nasa_ws/install/rqt_joint_trajectory_controller/bin'
[2.793s] Level 1:colcon.colcon_core.environment:checking '/home/nayan/nasa_ws/install/rqt_joint_trajectory_controller/lib/pkgconfig/rqt_joint_trajectory_controller.pc'
[2.793s] Level 1:colcon.colcon_core.environment:checking '/home/nayan/nasa_ws/install/rqt_joint_trajectory_controller/lib/python3.10/site-packages'
[2.793s] Level 1:colcon.colcon_core.shell:create_environment_hook('rqt_joint_trajectory_controller', 'pythonpath')
[2.809s] INFO:colcon.colcon_core.shell:Creating environment hook '/home/nayan/nasa_ws/install/rqt_joint_trajectory_controller/share/rqt_joint_trajectory_controller/hook/pythonpath.ps1'
[2.810s] INFO:colcon.colcon_core.shell:Creating environment descriptor '/home/nayan/nasa_ws/install/rqt_joint_trajectory_controller/share/rqt_joint_trajectory_controller/hook/pythonpath.dsv'
[2.811s] INFO:colcon.colcon_core.shell:Creating environment hook '/home/nayan/nasa_ws/install/rqt_joint_trajectory_controller/share/rqt_joint_trajectory_controller/hook/pythonpath.sh'
[2.811s] Level 1:colcon.colcon_core.environment:checking '/home/nayan/nasa_ws/install/rqt_joint_trajectory_controller/bin'
[2.812s] Level 1:colcon.colcon_core.environment:create_environment_scripts_only(rqt_joint_trajectory_controller)
[2.825s] INFO:colcon.colcon_core.shell:Creating package script '/home/nayan/nasa_ws/install/rqt_joint_trajectory_controller/share/rqt_joint_trajectory_controller/package.ps1'
[2.826s] INFO:colcon.colcon_core.shell:Creating package descriptor '/home/nayan/nasa_ws/install/rqt_joint_trajectory_controller/share/rqt_joint_trajectory_controller/package.dsv'
[2.827s] INFO:colcon.colcon_core.shell:Creating package script '/home/nayan/nasa_ws/install/rqt_joint_trajectory_controller/share/rqt_joint_trajectory_controller/package.sh'
[2.827s] INFO:colcon.colcon_core.shell:Creating package script '/home/nayan/nasa_ws/install/rqt_joint_trajectory_controller/share/rqt_joint_trajectory_controller/package.bash'
[2.828s] INFO:colcon.colcon_core.shell:Creating package script '/home/nayan/nasa_ws/install/rqt_joint_trajectory_controller/share/rqt_joint_trajectory_controller/package.zsh'
[2.828s] Level 1:colcon.colcon_core.environment:create_file_with_runtime_dependencies(/home/nayan/nasa_ws/install/rqt_joint_trajectory_controller/share/colcon-core/packages/rqt_joint_trajectory_controller)
[2.829s] DEBUG:colcon.colcon_parallel_executor.executor.parallel:closing loop
[2.830s] DEBUG:colcon.colcon_parallel_executor.executor.parallel:loop closed
[2.830s] DEBUG:colcon.colcon_parallel_executor.executor.parallel:run_until_complete finished with '0'
[2.830s] DEBUG:colcon.colcon_core.event_reactor:joining thread
[2.856s] INFO:colcon.colcon_core.plugin_system:Skipping extension 'colcon_notification.desktop_notification.terminal_notifier': Not used on non-Darwin systems
[2.857s] INFO:colcon.colcon_core.plugin_system:Skipping extension 'colcon_notification.desktop_notification.win32': Not used on non-Windows systems
[2.857s] INFO:colcon.colcon_notification.desktop_notification:Sending desktop notification using 'notify2'
[2.886s] DEBUG:colcon.colcon_core.event_reactor:joined thread
[2.903s] INFO:colcon.colcon_core.shell:Creating prefix script '/home/nayan/nasa_ws/install/local_setup.ps1'
[2.905s] INFO:colcon.colcon_core.shell:Creating prefix util module '/home/nayan/nasa_ws/install/_local_setup_util_ps1.py'
[2.908s] INFO:colcon.colcon_core.shell:Creating prefix chain script '/home/nayan/nasa_ws/install/setup.ps1'
[2.924s] INFO:colcon.colcon_core.shell:Creating prefix script '/home/nayan/nasa_ws/install/local_setup.sh'
[2.925s] INFO:colcon.colcon_core.shell:Creating prefix util module '/home/nayan/nasa_ws/install/_local_setup_util_sh.py'
[2.926s] INFO:colcon.colcon_core.shell:Creating prefix chain script '/home/nayan/nasa_ws/install/setup.sh'
[2.939s] INFO:colcon.colcon_core.shell:Creating prefix script '/home/nayan/nasa_ws/install/local_setup.bash'
[2.939s] INFO:colcon.colcon_core.shell:Creating prefix chain script '/home/nayan/nasa_ws/install/setup.bash'
[2.950s] INFO:colcon.colcon_core.shell:Creating prefix script '/home/nayan/nasa_ws/install/local_setup.zsh'
[2.950s] INFO:colcon.colcon_core.shell:Creating prefix chain script '/home/nayan/nasa_ws/install/setup.zsh'
